<?xml version="1.0" encoding="UTF-8"?>
<!-- Generated by org.testng.reporters.JUnitXMLReporter -->
<testsuite ignored="0" hostname="LAPTOP-3LHL5QB2" failures="0" tests="4" name="Default test" time="8.86" errors="0" timestamp="2024-04-12T13:36:50 IST">
  <testcase classname="com.testcases.VerifyCreateUser" name="verifyCreateUser" time="3.367"/>
  <testcase classname="com.testcases.VerifyCreateUser" name="VerifyGetUser" time="1.324"/>
  <testcase classname="com.testcases.VerifyCreateUser" name="verifyUpdateUser" time="2.594"/>
  <testcase classname="com.testcases.VerifyCreateUser" name="VerifydeleteUser" time="1.263"/>
</testsuite> <!-- Default test -->
