<?xml version="1.0" encoding="UTF-8"?>
<!-- Generated by org.testng.reporters.JUnitXMLReporter -->
<testsuite ignored="0" hostname="LAPTOP-3LHL5QB2" failures="0" tests="4" name="Test" time="11.137" errors="0" timestamp="2024-04-13T12:35:37 IST">
  <testcase classname="com.testcases.VerifyCreateUser" name="verifyCreateUser" time="3.466"/>
  <testcase classname="com.testcases.VerifyCreateUser" name="VerifyGetUser" time="2.028"/>
  <testcase classname="com.testcases.VerifyCreateUser" name="verifyUpdateUser" time="2.948"/>
  <testcase classname="com.testcases.VerifyCreateUser" name="VerifydeleteUser" time="1.423"/>
</testsuite> <!-- Test -->
