<?xml version="1.0" encoding="UTF-8"?>
<!-- Generated by org.testng.reporters.JUnitXMLReporter -->
<testsuite ignored="0" hostname="LAPTOP-3LHL5QB2" failures="0" tests="4" name="Test" time="9.395" errors="0" timestamp="2024-04-12T18:08:58 IST">
  <testcase classname="com.testcases.VerifyCreateUser" name="verifyCreateUser" time="2.906"/>
  <testcase classname="com.testcases.VerifyCreateUser" name="VerifyGetUser" time="1.448"/>
  <testcase classname="com.testcases.VerifyCreateUser" name="verifyUpdateUser" time="2.69"/>
  <testcase classname="com.testcases.VerifyCreateUser" name="VerifydeleteUser" time="1.404"/>
</testsuite> <!-- Test -->
