<?xml version="1.0" encoding="UTF-8"?>
<testng-results ignored="0" total="4" passed="4" failed="0" skipped="0">
  <reporter-output>
  </reporter-output>
  <suite started-at="2024-04-12T18:08:48 IST" name="Suite" finished-at="2024-04-12T18:08:58 IST" duration-ms="9395">
    <groups>
    </groups>
    <test started-at="2024-04-12T18:08:48 IST" name="Test" finished-at="2024-04-12T18:08:58 IST" duration-ms="9395">
      <class name="com.testcases.VerifyCreateUser">
        <test-method is-config="true" signature="setUp()[pri:0, instance:com.testcases.VerifyCreateUser@55740540]" started-at="2024-04-12T18:08:49 IST" name="setUp" finished-at="2024-04-12T18:08:49 IST" duration-ms="580" status="PASS">
          <reporter-output>
          </reporter-output>
        </test-method> <!-- setUp -->
        <test-method signature="verifyCreateUser()[pri:1, instance:com.testcases.VerifyCreateUser@55740540]" started-at="2024-04-12T18:08:49 IST" name="verifyCreateUser" finished-at="2024-04-12T18:08:52 IST" duration-ms="2906" status="PASS">
          <reporter-output>
          </reporter-output>
        </test-method> <!-- verifyCreateUser -->
        <test-method signature="VerifyGetUser()[pri:2, instance:com.testcases.VerifyCreateUser@55740540]" started-at="2024-04-12T18:08:52 IST" name="VerifyGetUser" finished-at="2024-04-12T18:08:54 IST" duration-ms="1448" status="PASS">
          <reporter-output>
          </reporter-output>
        </test-method> <!-- VerifyGetUser -->
        <test-method signature="verifyUpdateUser()[pri:3, instance:com.testcases.VerifyCreateUser@55740540]" started-at="2024-04-12T18:08:54 IST" name="verifyUpdateUser" finished-at="2024-04-12T18:08:56 IST" duration-ms="2690" status="PASS">
          <reporter-output>
          </reporter-output>
        </test-method> <!-- verifyUpdateUser -->
        <test-method signature="VerifydeleteUser()[pri:4, instance:com.testcases.VerifyCreateUser@55740540]" started-at="2024-04-12T18:08:56 IST" name="VerifydeleteUser" finished-at="2024-04-12T18:08:58 IST" duration-ms="1404" status="PASS">
          <reporter-output>
          </reporter-output>
        </test-method> <!-- VerifydeleteUser -->
      </class> <!-- com.testcases.VerifyCreateUser -->
    </test> <!-- Test -->
  </suite> <!-- Suite -->
</testng-results>
